Build started 2015-12-07 14:12:22.
     1>Project "D:\Dev\datorgrafik\labb4\labb4.vcxproj" on node 2 (Build target(s)).
     1>ClCompile:
         C:\Program Files (x86)\Microsoft Visual Studio 14.0\VC\bin\x86_amd64\CL.exe /c /I"..\OpenGl\SDL-1.2.15\include" /I"..\OpenGl\SDL_image-1.2.12\include" /I"..\OpenGl\glew-1.11.0\include" /I.\glm /Zi /nologo /W3 /WX- /sdl /O2 /Oi /GL /D _CRT_SECURE_NO_WARNINGS /D USE_STANDARD_FILE_FUNCTIONS /D _MBCS /Gm- /EHsc /MD /GS /Gy /fp:precise /Zc:wchar_t /Zc:forScope /Zc:inline /openmp /Fo"x64\Release\\" /Fd"x64\Release\vc140.pdb" /Gd /TP /errorReport:prompt raytracer.cc
         raytracer.cc
       Link:
         C:\Program Files (x86)\Microsoft Visual Studio 14.0\VC\bin\x86_amd64\link.exe /ERRORREPORT:PROMPT /OUT:"D:\Dev\datorgrafik\labb4\x64\Release\labb4.exe" /NOLOGO /LIBPATH:"..\OpenGl\SDL-1.2.15\lib\x64" /LIBPATH:"..\OpenGl\SDL_image-1.2.12\lib\x64" /LIBPATH:"..\OpenGl\glew-1.11.0\lib\Release\x64" opengl32.lib glu32.lib SDL.lib SDL_image.lib SDLmain.lib glew32.lib kernel32.lib user32.lib gdi32.lib winspool.lib comdlg32.lib advapi32.lib shell32.lib ole32.lib oleaut32.lib uuid.lib odbc32.lib odbccp32.lib /MANIFEST /MANIFESTUAC:"level='asInvoker' uiAccess='false'" /manifest:embed /Debug /PDB:"D:\Dev\datorgrafik\labb4\x64\Release\labb4.pdb" /SUBSYSTEM:CONSOLE /OPT:REF /OPT:ICF /LTCG:incremental /TLBID:1 /DYNAMICBASE /NXCOMPAT /IMPLIB:"D:\Dev\datorgrafik\labb4\x64\Release\labb4.lib" /MACHINE:X64 x64\Release\camera.obj
         x64\Release\Cone.obj
         x64\Release\csg.obj
         x64\Release\light.obj
         x64\Release\main.obj
         x64\Release\material.obj
         x64\Release\WoodMaterial.obj
         x64\Release\noise.obj
         x64\Release\object.obj
         x64\Release\plane.obj
         x64\Release\raytracer.obj
         x64\Release\referenced.obj
         x64\Release\sphere.obj
         x64\Release\transform.obj
         x64\Release\vector.obj
         Generating code
         1 of 365 functions ( 0.3%) were compiled, the rest were copied from previous compilation.
           0 functions were new in current compilation
           1 functions had inline decision re-evaluated but remain unchanged
         Finished generating code
     1>SDLmain.lib(SDL_win32_main.obj) : warning LNK4099: PDB 'SDLmain.pdb' was not found with 'SDLmain.lib(SDL_win32_main.obj)' or at 'D:\Dev\datorgrafik\labb4\x64\Release\SDLmain.pdb'; linking object as if no debug info
         labb4.vcxproj -> D:\Dev\datorgrafik\labb4\x64\Release\labb4.exe
     1>Done Building Project "D:\Dev\datorgrafik\labb4\labb4.vcxproj" (Build target(s)).

Build succeeded.

Time Elapsed 00:00:05.17
